<?xml version="1.0" encoding="UTF-8"?>
<testsuite name="codeChallenges.CodeChallengeTests" tests="1" skipped="0" failures="0" errors="0" timestamp="2021-10-22T04:29:33" hostname="POBRIEN-DESKTOP" time="0.024">
  <properties/>
  <testcase name="reverseFive" classname="codeChallenges.CodeChallengeTests" time="0.024"/>
  <system-out><![CDATA[ydwoh ereht you
]]></system-out>
  <system-err><![CDATA[]]></system-err>
</testsuite>
